The target system is: Android - 21 - aarch64
The host system is: Darwin - 16.6.0 - x86_64
Determining if the C compiler works passed with the following output:
Change Dir: /Volumes/MyPassport2TB/Projects/Android/Tarun/Libs/CallRecorder/app/.externalNativeBuild/cmake/debug/arm64-v8a/CMakeFiles/CMakeTmp

Run Build Command:"/Users/tarun/Desktop/android/android-sdk-mac_86/cmake/3.6.4111459/bin/ninja" "cmTC_d8d85"
[1/2] Building C object CMakeFiles/cmTC_d8d85.dir/testCCompiler.c.o
[2/2] Linking C executable cmTC_d8d85


Detecting C compiler ABI info compiled with the following output:
Change Dir: /Volumes/MyPassport2TB/Projects/Android/Tarun/Libs/CallRecorder/app/.externalNativeBuild/cmake/debug/arm64-v8a/CMakeFiles/CMakeTmp

Run Build Command:"/Users/tarun/Desktop/android/android-sdk-mac_86/cmake/3.6.4111459/bin/ninja" "cmTC_d48c3"
[1/2] Building C object CMakeFiles/cmTC_d48c3.dir/CMakeCCompilerABI.c.o
[2/2] Linking C executable cmTC_d48c3
Android clang version 3.8.275480  (based on LLVM 3.8.275480)
Target: aarch64-none-linux-android
Thread model: posix
InstalledDir: /Volumes/MyPassport2TB/Projects/Cocos/android-ndk-r14b/toolchains/llvm/prebuilt/darwin-x86_64/bin
Found candidate GCC installation: /Volumes/MyPassport2TB/Projects/Cocos/android-ndk-r14b/toolchains/aarch64-linux-android-4.9/prebuilt/darwin-x86_64/lib/gcc/aarch64-linux-android/4.9.x
Selected GCC installation: /Volumes/MyPassport2TB/Projects/Cocos/android-ndk-r14b/toolchains/aarch64-linux-android-4.9/prebuilt/darwin-x86_64/lib/gcc/aarch64-linux-android/4.9.x
Candidate multilib: .;@m64
Selected multilib: .;@m64
 "/Volumes/MyPassport2TB/Projects/Cocos/android-ndk-r14b/toolchains/aarch64-linux-android-4.9/prebuilt/darwin-x86_64/lib/gcc/aarch64-linux-android/4.9.x/../../../../aarch64-linux-android/bin/ld" --sysroot=/Volumes/MyPassport2TB/Projects/Cocos/android-ndk-r14b/platforms/android-21/arch-arm64 -pie --eh-frame-hdr -m aarch64linux -dynamic-linker /system/bin/linker64 -o cmTC_d48c3 /Volumes/MyPassport2TB/Projects/Cocos/android-ndk-r14b/platforms/android-21/arch-arm64/usr/lib/crtbegin_dynamic.o -L/Volumes/MyPassport2TB/Projects/Cocos/android-ndk-r14b/sources/cxx-stl/llvm-libc++/libs/arm64-v8a -L/Volumes/MyPassport2TB/Projects/Cocos/android-ndk-r14b/sources/cxx-stl/llvm-libc++/libs/arm64-v8a -L/Volumes/MyPassport2TB/Projects/Cocos/android-ndk-r14b/toolchains/aarch64-linux-android-4.9/prebuilt/darwin-x86_64/lib/gcc/aarch64-linux-android/4.9.x -L/Volumes/MyPassport2TB/Projects/Cocos/android-ndk-r14b/toolchains/aarch64-linux-android-4.9/prebuilt/darwin-x86_64/lib/gcc/aarch64-linux-android/4.9.x/../../../../aarch64-linux-android/lib/../lib64 -L/Volumes/MyPassport2TB/Projects/Cocos/android-ndk-r14b/toolchains/aarch64-linux-android-4.9/prebuilt/darwin-x86_64/lib/gcc/aarch64-linux-android/4.9.x/../../../../aarch64-linux-android/lib -L/Volumes/MyPassport2TB/Projects/Cocos/android-ndk-r14b/platforms/android-21/arch-arm64/usr/lib --build-id --warn-shared-textrel --fatal-warnings --no-undefined -z noexecstack -z relro -z now --gc-sections -z nocopyreloc --build-id --warn-shared-textrel --fatal-warnings --no-undefined -z noexecstack -z relro -z now --gc-sections -z nocopyreloc CMakeFiles/cmTC_d48c3.dir/CMakeCCompilerABI.c.o -lgcc -ldl -lc -lgcc -ldl /Volumes/MyPassport2TB/Projects/Cocos/android-ndk-r14b/platforms/android-21/arch-arm64/usr/lib/crtend_android.o


Parsed C implicit link information from above output:
  link line regex: [^( *|.*[/\])(aarch64-linux-android-ld|([^/\]+-)?ld|collect2)[^/\]*( |$)]
  ignore line: [Change Dir: /Volumes/MyPassport2TB/Projects/Android/Tarun/Libs/CallRecorder/app/.externalNativeBuild/cmake/debug/arm64-v8a/CMakeFiles/CMakeTmp]
  ignore line: []
  ignore line: [Run Build Command:"/Users/tarun/Desktop/android/android-sdk-mac_86/cmake/3.6.4111459/bin/ninja" "cmTC_d48c3"]
  ignore line: [[1/2] Building C object CMakeFiles/cmTC_d48c3.dir/CMakeCCompilerABI.c.o]
  ignore line: [[2/2] Linking C executable cmTC_d48c3]
  ignore line: [Android clang version 3.8.275480  (based on LLVM 3.8.275480)]
  ignore line: [Target: aarch64-none-linux-android]
  ignore line: [Thread model: posix]
  ignore line: [InstalledDir: /Volumes/MyPassport2TB/Projects/Cocos/android-ndk-r14b/toolchains/llvm/prebuilt/darwin-x86_64/bin]
  ignore line: [Found candidate GCC installation: /Volumes/MyPassport2TB/Projects/Cocos/android-ndk-r14b/toolchains/aarch64-linux-android-4.9/prebuilt/darwin-x86_64/lib/gcc/aarch64-linux-android/4.9.x]
  ignore line: [Selected GCC installation: /Volumes/MyPassport2TB/Projects/Cocos/android-ndk-r14b/toolchains/aarch64-linux-android-4.9/prebuilt/darwin-x86_64/lib/gcc/aarch64-linux-android/4.9.x]
  ignore line: [Candidate multilib: .]
  ignore line: [@m64]
  ignore line: [Selected multilib: .]
  ignore line: [@m64]
  link line: [ "/Volumes/MyPassport2TB/Projects/Cocos/android-ndk-r14b/toolchains/aarch64-linux-android-4.9/prebuilt/darwin-x86_64/lib/gcc/aarch64-linux-android/4.9.x/../../../../aarch64-linux-android/bin/ld" --sysroot=/Volumes/MyPassport2TB/Projects/Cocos/android-ndk-r14b/platforms/android-21/arch-arm64 -pie --eh-frame-hdr -m aarch64linux -dynamic-linker /system/bin/linker64 -o cmTC_d48c3 /Volumes/MyPassport2TB/Projects/Cocos/android-ndk-r14b/platforms/android-21/arch-arm64/usr/lib/crtbegin_dynamic.o -L/Volumes/MyPassport2TB/Projects/Cocos/android-ndk-r14b/sources/cxx-stl/llvm-libc++/libs/arm64-v8a -L/Volumes/MyPassport2TB/Projects/Cocos/android-ndk-r14b/sources/cxx-stl/llvm-libc++/libs/arm64-v8a -L/Volumes/MyPassport2TB/Projects/Cocos/android-ndk-r14b/toolchains/aarch64-linux-android-4.9/prebuilt/darwin-x86_64/lib/gcc/aarch64-linux-android/4.9.x -L/Volumes/MyPassport2TB/Projects/Cocos/android-ndk-r14b/toolchains/aarch64-linux-android-4.9/prebuilt/darwin-x86_64/lib/gcc/aarch64-linux-android/4.9.x/../../../../aarch64-linux-android/lib/../lib64 -L/Volumes/MyPassport2TB/Projects/Cocos/android-ndk-r14b/toolchains/aarch64-linux-android-4.9/prebuilt/darwin-x86_64/lib/gcc/aarch64-linux-android/4.9.x/../../../../aarch64-linux-android/lib -L/Volumes/MyPassport2TB/Projects/Cocos/android-ndk-r14b/platforms/android-21/arch-arm64/usr/lib --build-id --warn-shared-textrel --fatal-warnings --no-undefined -z noexecstack -z relro -z now --gc-sections -z nocopyreloc --build-id --warn-shared-textrel --fatal-warnings --no-undefined -z noexecstack -z relro -z now --gc-sections -z nocopyreloc CMakeFiles/cmTC_d48c3.dir/CMakeCCompilerABI.c.o -lgcc -ldl -lc -lgcc -ldl /Volumes/MyPassport2TB/Projects/Cocos/android-ndk-r14b/platforms/android-21/arch-arm64/usr/lib/crtend_android.o]
    arg [/Volumes/MyPassport2TB/Projects/Cocos/android-ndk-r14b/toolchains/aarch64-linux-android-4.9/prebuilt/darwin-x86_64/lib/gcc/aarch64-linux-android/4.9.x/../../../../aarch64-linux-android/bin/ld] ==> ignore
    arg [--sysroot=/Volumes/MyPassport2TB/Projects/Cocos/android-ndk-r14b/platforms/android-21/arch-arm64] ==> ignore
    arg [-pie] ==> ignore
    arg [--eh-frame-hdr] ==> ignore
    arg [-m] ==> ignore
    arg [aarch64linux] ==> ignore
    arg [-dynamic-linker] ==> ignore
    arg [/system/bin/linker64] ==> ignore
    arg [-o] ==> ignore
    arg [cmTC_d48c3] ==> ignore
    arg [/Volumes/MyPassport2TB/Projects/Cocos/android-ndk-r14b/platforms/android-21/arch-arm64/usr/lib/crtbegin_dynamic.o] ==> ignore
    arg [-L/Volumes/MyPassport2TB/Projects/Cocos/android-ndk-r14b/sources/cxx-stl/llvm-libc++/libs/arm64-v8a] ==> dir [/Volumes/MyPassport2TB/Projects/Cocos/android-ndk-r14b/sources/cxx-stl/llvm-libc++/libs/arm64-v8a]
    arg [-L/Volumes/MyPassport2TB/Projects/Cocos/android-ndk-r14b/sources/cxx-stl/llvm-libc++/libs/arm64-v8a] ==> dir [/Volumes/MyPassport2TB/Projects/Cocos/android-ndk-r14b/sources/cxx-stl/llvm-libc++/libs/arm64-v8a]
    arg [-L/Volumes/MyPassport2TB/Projects/Cocos/android-ndk-r14b/toolchains/aarch64-linux-android-4.9/prebuilt/darwin-x86_64/lib/gcc/aarch64-linux-android/4.9.x] ==> dir [/Volumes/MyPassport2TB/Projects/Cocos/android-ndk-r14b/toolchains/aarch64-linux-android-4.9/prebuilt/darwin-x86_64/lib/gcc/aarch64-linux-android/4.9.x]
    arg [-L/Volumes/MyPassport2TB/Projects/Cocos/android-ndk-r14b/toolchains/aarch64-linux-android-4.9/prebuilt/darwin-x86_64/lib/gcc/aarch64-linux-android/4.9.x/../../../../aarch64-linux-android/lib/../lib64] ==> dir [/Volumes/MyPassport2TB/Projects/Cocos/android-ndk-r14b/toolchains/aarch64-linux-android-4.9/prebuilt/darwin-x86_64/lib/gcc/aarch64-linux-android/4.9.x/../../../../aarch64-linux-android/lib/../lib64]
    arg [-L/Volumes/MyPassport2TB/Projects/Cocos/android-ndk-r14b/toolchains/aarch64-linux-android-4.9/prebuilt/darwin-x86_64/lib/gcc/aarch64-linux-android/4.9.x/../../../../aarch64-linux-android/lib] ==> dir [/Volumes/MyPassport2TB/Projects/Cocos/android-ndk-r14b/toolchains/aarch64-linux-android-4.9/prebuilt/darwin-x86_64/lib/gcc/aarch64-linux-android/4.9.x/../../../../aarch64-linux-android/lib]
    arg [-L/Volumes/MyPassport2TB/Projects/Cocos/android-ndk-r14b/platforms/android-21/arch-arm64/usr/lib] ==> dir [/Volumes/MyPassport2TB/Projects/Cocos/android-ndk-r14b/platforms/android-21/arch-arm64/usr/lib]
    arg [--build-id] ==> ignore
    arg [--warn-shared-textrel] ==> ignore
    arg [--fatal-warnings] ==> ignore
    arg [--no-undefined] ==> ignore
    arg [-znoexecstack] ==> ignore
    arg [-zrelro] ==> ignore
    arg [-znow] ==> ignore
    arg [--gc-sections] ==> ignore
    arg [-znocopyreloc] ==> ignore
    arg [--build-id] ==> ignore
    arg [--warn-shared-textrel] ==> ignore
    arg [--fatal-warnings] ==> ignore
    arg [--no-undefined] ==> ignore
    arg [-znoexecstack] ==> ignore
    arg [-zrelro] ==> ignore
    arg [-znow] ==> ignore
    arg [--gc-sections] ==> ignore
    arg [-znocopyreloc] ==> ignore
    arg [CMakeFiles/cmTC_d48c3.dir/CMakeCCompilerABI.c.o] ==> ignore
    arg [-lgcc] ==> lib [gcc]
    arg [-ldl] ==> lib [dl]
    arg [-lc] ==> lib [c]
    arg [-lgcc] ==> lib [gcc]
    arg [-ldl] ==> lib [dl]
    arg [/Volumes/MyPassport2TB/Projects/Cocos/android-ndk-r14b/platforms/android-21/arch-arm64/usr/lib/crtend_android.o] ==> ignore
  remove lib [gcc]
  remove lib [gcc]
  collapse library dir [/Volumes/MyPassport2TB/Projects/Cocos/android-ndk-r14b/sources/cxx-stl/llvm-libc++/libs/arm64-v8a] ==> [/Volumes/MyPassport2TB/Projects/Cocos/android-ndk-r14b/sources/cxx-stl/llvm-libc++/libs/arm64-v8a]
  collapse library dir [/Volumes/MyPassport2TB/Projects/Cocos/android-ndk-r14b/sources/cxx-stl/llvm-libc++/libs/arm64-v8a] ==> [/Volumes/MyPassport2TB/Projects/Cocos/android-ndk-r14b/sources/cxx-stl/llvm-libc++/libs/arm64-v8a]
  collapse library dir [/Volumes/MyPassport2TB/Projects/Cocos/android-ndk-r14b/toolchains/aarch64-linux-android-4.9/prebuilt/darwin-x86_64/lib/gcc/aarch64-linux-android/4.9.x] ==> [/Volumes/MyPassport2TB/Projects/Cocos/android-ndk-r14b/toolchains/aarch64-linux-android-4.9/prebuilt/darwin-x86_64/lib/gcc/aarch64-linux-android/4.9.x]
  collapse library dir [/Volumes/MyPassport2TB/Projects/Cocos/android-ndk-r14b/toolchains/aarch64-linux-android-4.9/prebuilt/darwin-x86_64/lib/gcc/aarch64-linux-android/4.9.x/../../../../aarch64-linux-android/lib/../lib64] ==> [/Volumes/MyPassport2TB/Projects/Cocos/android-ndk-r14b/toolchains/aarch64-linux-android-4.9/prebuilt/darwin-x86_64/aarch64-linux-android/lib64]
  collapse library dir [/Volumes/MyPassport2TB/Projects/Cocos/android-ndk-r14b/toolchains/aarch64-linux-android-4.9/prebuilt/darwin-x86_64/lib/gcc/aarch64-linux-android/4.9.x/../../../../aarch64-linux-android/lib] ==> [/Volumes/MyPassport2TB/Projects/Cocos/android-ndk-r14b/toolchains/aarch64-linux-android-4.9/prebuilt/darwin-x86_64/aarch64-linux-android/lib]
  collapse library dir [/Volumes/MyPassport2TB/Projects/Cocos/android-ndk-r14b/platforms/android-21/arch-arm64/usr/lib] ==> [/Volumes/MyPassport2TB/Projects/Cocos/android-ndk-r14b/platforms/android-21/arch-arm64/usr/lib]
  implicit libs: [dl;c;dl]
  implicit dirs: [/Volumes/MyPassport2TB/Projects/Cocos/android-ndk-r14b/sources/cxx-stl/llvm-libc++/libs/arm64-v8a;/Volumes/MyPassport2TB/Projects/Cocos/android-ndk-r14b/toolchains/aarch64-linux-android-4.9/prebuilt/darwin-x86_64/lib/gcc/aarch64-linux-android/4.9.x;/Volumes/MyPassport2TB/Projects/Cocos/android-ndk-r14b/toolchains/aarch64-linux-android-4.9/prebuilt/darwin-x86_64/aarch64-linux-android/lib64;/Volumes/MyPassport2TB/Projects/Cocos/android-ndk-r14b/toolchains/aarch64-linux-android-4.9/prebuilt/darwin-x86_64/aarch64-linux-android/lib;/Volumes/MyPassport2TB/Projects/Cocos/android-ndk-r14b/platforms/android-21/arch-arm64/usr/lib]
  implicit fwks: []




Detecting C [-std=c11] compiler features compiled with the following output:
Change Dir: /Volumes/MyPassport2TB/Projects/Android/Tarun/Libs/CallRecorder/app/.externalNativeBuild/cmake/debug/arm64-v8a/CMakeFiles/CMakeTmp

Run Build Command:"/Users/tarun/Desktop/android/android-sdk-mac_86/cmake/3.6.4111459/bin/ninja" "cmTC_7cc9b"
[1/2] Building C object CMakeFiles/cmTC_7cc9b.dir/feature_tests.c.o
[2/2] Linking C executable cmTC_7cc9b


    Feature record: C_FEATURE:1c_function_prototypes
    Feature record: C_FEATURE:1c_restrict
    Feature record: C_FEATURE:1c_static_assert
    Feature record: C_FEATURE:1c_variadic_macros


Detecting C [-std=c99] compiler features compiled with the following output:
Change Dir: /Volumes/MyPassport2TB/Projects/Android/Tarun/Libs/CallRecorder/app/.externalNativeBuild/cmake/debug/arm64-v8a/CMakeFiles/CMakeTmp

Run Build Command:"/Users/tarun/Desktop/android/android-sdk-mac_86/cmake/3.6.4111459/bin/ninja" "cmTC_e49a1"
[1/2] Building C object CMakeFiles/cmTC_e49a1.dir/feature_tests.c.o
[2/2] Linking C executable cmTC_e49a1


    Feature record: C_FEATURE:1c_function_prototypes
    Feature record: C_FEATURE:1c_restrict
    Feature record: C_FEATURE:0c_static_assert
    Feature record: C_FEATURE:1c_variadic_macros


Detecting C [-std=c90] compiler features compiled with the following output:
Change Dir: /Volumes/MyPassport2TB/Projects/Android/Tarun/Libs/CallRecorder/app/.externalNativeBuild/cmake/debug/arm64-v8a/CMakeFiles/CMakeTmp

Run Build Command:"/Users/tarun/Desktop/android/android-sdk-mac_86/cmake/3.6.4111459/bin/ninja" "cmTC_023fb"
[1/2] Building C object CMakeFiles/cmTC_023fb.dir/feature_tests.c.o
[2/2] Linking C executable cmTC_023fb


    Feature record: C_FEATURE:1c_function_prototypes
    Feature record: C_FEATURE:0c_restrict
    Feature record: C_FEATURE:0c_static_assert
    Feature record: C_FEATURE:0c_variadic_macros
Determining if the CXX compiler works passed with the following output:
Change Dir: /Volumes/MyPassport2TB/Projects/Android/Tarun/Libs/CallRecorder/app/.externalNativeBuild/cmake/debug/arm64-v8a/CMakeFiles/CMakeTmp

Run Build Command:"/Users/tarun/Desktop/android/android-sdk-mac_86/cmake/3.6.4111459/bin/ninja" "cmTC_16943"
[1/2] Building CXX object CMakeFiles/cmTC_16943.dir/testCXXCompiler.cxx.o
[2/2] Linking CXX executable cmTC_16943


Detecting CXX compiler ABI info compiled with the following output:
Change Dir: /Volumes/MyPassport2TB/Projects/Android/Tarun/Libs/CallRecorder/app/.externalNativeBuild/cmake/debug/arm64-v8a/CMakeFiles/CMakeTmp

Run Build Command:"/Users/tarun/Desktop/android/android-sdk-mac_86/cmake/3.6.4111459/bin/ninja" "cmTC_9d945"
[1/2] Building CXX object CMakeFiles/cmTC_9d945.dir/CMakeCXXCompilerABI.cpp.o
[2/2] Linking CXX executable cmTC_9d945
Android clang version 3.8.275480  (based on LLVM 3.8.275480)
Target: aarch64-none-linux-android
Thread model: posix
InstalledDir: /Volumes/MyPassport2TB/Projects/Cocos/android-ndk-r14b/toolchains/llvm/prebuilt/darwin-x86_64/bin
Found candidate GCC installation: /Volumes/MyPassport2TB/Projects/Cocos/android-ndk-r14b/toolchains/aarch64-linux-android-4.9/prebuilt/darwin-x86_64/lib/gcc/aarch64-linux-android/4.9.x
Selected GCC installation: /Volumes/MyPassport2TB/Projects/Cocos/android-ndk-r14b/toolchains/aarch64-linux-android-4.9/prebuilt/darwin-x86_64/lib/gcc/aarch64-linux-android/4.9.x
Candidate multilib: .;@m64
Selected multilib: .;@m64
 "/Volumes/MyPassport2TB/Projects/Cocos/android-ndk-r14b/toolchains/aarch64-linux-android-4.9/prebuilt/darwin-x86_64/lib/gcc/aarch64-linux-android/4.9.x/../../../../aarch64-linux-android/bin/ld" --sysroot=/Volumes/MyPassport2TB/Projects/Cocos/android-ndk-r14b/platforms/android-21/arch-arm64 -pie --eh-frame-hdr -m aarch64linux -dynamic-linker /system/bin/linker64 -o cmTC_9d945 /Volumes/MyPassport2TB/Projects/Cocos/android-ndk-r14b/platforms/android-21/arch-arm64/usr/lib/crtbegin_dynamic.o -L/Volumes/MyPassport2TB/Projects/Cocos/android-ndk-r14b/sources/cxx-stl/llvm-libc++/libs/arm64-v8a -L/Volumes/MyPassport2TB/Projects/Cocos/android-ndk-r14b/sources/cxx-stl/llvm-libc++/libs/arm64-v8a -L/Volumes/MyPassport2TB/Projects/Cocos/android-ndk-r14b/toolchains/aarch64-linux-android-4.9/prebuilt/darwin-x86_64/lib/gcc/aarch64-linux-android/4.9.x -L/Volumes/MyPassport2TB/Projects/Cocos/android-ndk-r14b/toolchains/aarch64-linux-android-4.9/prebuilt/darwin-x86_64/lib/gcc/aarch64-linux-android/4.9.x/../../../../aarch64-linux-android/lib/../lib64 -L/Volumes/MyPassport2TB/Projects/Cocos/android-ndk-r14b/toolchains/aarch64-linux-android-4.9/prebuilt/darwin-x86_64/lib/gcc/aarch64-linux-android/4.9.x/../../../../aarch64-linux-android/lib -L/Volumes/MyPassport2TB/Projects/Cocos/android-ndk-r14b/platforms/android-21/arch-arm64/usr/lib --build-id --warn-shared-textrel --fatal-warnings --no-undefined -z noexecstack -z relro -z now --gc-sections -z nocopyreloc --build-id --warn-shared-textrel --fatal-warnings --no-undefined -z noexecstack -z relro -z now --gc-sections -z nocopyreloc CMakeFiles/cmTC_9d945.dir/CMakeCXXCompilerABI.cpp.o -lstdc++ -lm -lgcc -lgcc -ldl -lc -lgcc -lgcc -ldl /Volumes/MyPassport2TB/Projects/Cocos/android-ndk-r14b/platforms/android-21/arch-arm64/usr/lib/crtend_android.o


Parsed CXX implicit link information from above output:
  link line regex: [^( *|.*[/\])(aarch64-linux-android-ld|([^/\]+-)?ld|collect2)[^/\]*( |$)]
  ignore line: [Change Dir: /Volumes/MyPassport2TB/Projects/Android/Tarun/Libs/CallRecorder/app/.externalNativeBuild/cmake/debug/arm64-v8a/CMakeFiles/CMakeTmp]
  ignore line: []
  ignore line: [Run Build Command:"/Users/tarun/Desktop/android/android-sdk-mac_86/cmake/3.6.4111459/bin/ninja" "cmTC_9d945"]
  ignore line: [[1/2] Building CXX object CMakeFiles/cmTC_9d945.dir/CMakeCXXCompilerABI.cpp.o]
  ignore line: [[2/2] Linking CXX executable cmTC_9d945]
  ignore line: [Android clang version 3.8.275480  (based on LLVM 3.8.275480)]
  ignore line: [Target: aarch64-none-linux-android]
  ignore line: [Thread model: posix]
  ignore line: [InstalledDir: /Volumes/MyPassport2TB/Projects/Cocos/android-ndk-r14b/toolchains/llvm/prebuilt/darwin-x86_64/bin]
  ignore line: [Found candidate GCC installation: /Volumes/MyPassport2TB/Projects/Cocos/android-ndk-r14b/toolchains/aarch64-linux-android-4.9/prebuilt/darwin-x86_64/lib/gcc/aarch64-linux-android/4.9.x]
  ignore line: [Selected GCC installation: /Volumes/MyPassport2TB/Projects/Cocos/android-ndk-r14b/toolchains/aarch64-linux-android-4.9/prebuilt/darwin-x86_64/lib/gcc/aarch64-linux-android/4.9.x]
  ignore line: [Candidate multilib: .]
  ignore line: [@m64]
  ignore line: [Selected multilib: .]
  ignore line: [@m64]
  link line: [ "/Volumes/MyPassport2TB/Projects/Cocos/android-ndk-r14b/toolchains/aarch64-linux-android-4.9/prebuilt/darwin-x86_64/lib/gcc/aarch64-linux-android/4.9.x/../../../../aarch64-linux-android/bin/ld" --sysroot=/Volumes/MyPassport2TB/Projects/Cocos/android-ndk-r14b/platforms/android-21/arch-arm64 -pie --eh-frame-hdr -m aarch64linux -dynamic-linker /system/bin/linker64 -o cmTC_9d945 /Volumes/MyPassport2TB/Projects/Cocos/android-ndk-r14b/platforms/android-21/arch-arm64/usr/lib/crtbegin_dynamic.o -L/Volumes/MyPassport2TB/Projects/Cocos/android-ndk-r14b/sources/cxx-stl/llvm-libc++/libs/arm64-v8a -L/Volumes/MyPassport2TB/Projects/Cocos/android-ndk-r14b/sources/cxx-stl/llvm-libc++/libs/arm64-v8a -L/Volumes/MyPassport2TB/Projects/Cocos/android-ndk-r14b/toolchains/aarch64-linux-android-4.9/prebuilt/darwin-x86_64/lib/gcc/aarch64-linux-android/4.9.x -L/Volumes/MyPassport2TB/Projects/Cocos/android-ndk-r14b/toolchains/aarch64-linux-android-4.9/prebuilt/darwin-x86_64/lib/gcc/aarch64-linux-android/4.9.x/../../../../aarch64-linux-android/lib/../lib64 -L/Volumes/MyPassport2TB/Projects/Cocos/android-ndk-r14b/toolchains/aarch64-linux-android-4.9/prebuilt/darwin-x86_64/lib/gcc/aarch64-linux-android/4.9.x/../../../../aarch64-linux-android/lib -L/Volumes/MyPassport2TB/Projects/Cocos/android-ndk-r14b/platforms/android-21/arch-arm64/usr/lib --build-id --warn-shared-textrel --fatal-warnings --no-undefined -z noexecstack -z relro -z now --gc-sections -z nocopyreloc --build-id --warn-shared-textrel --fatal-warnings --no-undefined -z noexecstack -z relro -z now --gc-sections -z nocopyreloc CMakeFiles/cmTC_9d945.dir/CMakeCXXCompilerABI.cpp.o -lstdc++ -lm -lgcc -lgcc -ldl -lc -lgcc -lgcc -ldl /Volumes/MyPassport2TB/Projects/Cocos/android-ndk-r14b/platforms/android-21/arch-arm64/usr/lib/crtend_android.o]
    arg [/Volumes/MyPassport2TB/Projects/Cocos/android-ndk-r14b/toolchains/aarch64-linux-android-4.9/prebuilt/darwin-x86_64/lib/gcc/aarch64-linux-android/4.9.x/../../../../aarch64-linux-android/bin/ld] ==> ignore
    arg [--sysroot=/Volumes/MyPassport2TB/Projects/Cocos/android-ndk-r14b/platforms/android-21/arch-arm64] ==> ignore
    arg [-pie] ==> ignore
    arg [--eh-frame-hdr] ==> ignore
    arg [-m] ==> ignore
    arg [aarch64linux] ==> ignore
    arg [-dynamic-linker] ==> ignore
    arg [/system/bin/linker64] ==> ignore
    arg [-o] ==> ignore
    arg [cmTC_9d945] ==> ignore
    arg [/Volumes/MyPassport2TB/Projects/Cocos/android-ndk-r14b/platforms/android-21/arch-arm64/usr/lib/crtbegin_dynamic.o] ==> ignore
    arg [-L/Volumes/MyPassport2TB/Projects/Cocos/android-ndk-r14b/sources/cxx-stl/llvm-libc++/libs/arm64-v8a] ==> dir [/Volumes/MyPassport2TB/Projects/Cocos/android-ndk-r14b/sources/cxx-stl/llvm-libc++/libs/arm64-v8a]
    arg [-L/Volumes/MyPassport2TB/Projects/Cocos/android-ndk-r14b/sources/cxx-stl/llvm-libc++/libs/arm64-v8a] ==> dir [/Volumes/MyPassport2TB/Projects/Cocos/android-ndk-r14b/sources/cxx-stl/llvm-libc++/libs/arm64-v8a]
    arg [-L/Volumes/MyPassport2TB/Projects/Cocos/android-ndk-r14b/toolchains/aarch64-linux-android-4.9/prebuilt/darwin-x86_64/lib/gcc/aarch64-linux-android/4.9.x] ==> dir [/Volumes/MyPassport2TB/Projects/Cocos/android-ndk-r14b/toolchains/aarch64-linux-android-4.9/prebuilt/darwin-x86_64/lib/gcc/aarch64-linux-android/4.9.x]
    arg [-L/Volumes/MyPassport2TB/Projects/Cocos/android-ndk-r14b/toolchains/aarch64-linux-android-4.9/prebuilt/darwin-x86_64/lib/gcc/aarch64-linux-android/4.9.x/../../../../aarch64-linux-android/lib/../lib64] ==> dir [/Volumes/MyPassport2TB/Projects/Cocos/android-ndk-r14b/toolchains/aarch64-linux-android-4.9/prebuilt/darwin-x86_64/lib/gcc/aarch64-linux-android/4.9.x/../../../../aarch64-linux-android/lib/../lib64]
    arg [-L/Volumes/MyPassport2TB/Projects/Cocos/android-ndk-r14b/toolchains/aarch64-linux-android-4.9/prebuilt/darwin-x86_64/lib/gcc/aarch64-linux-android/4.9.x/../../../../aarch64-linux-android/lib] ==> dir [/Volumes/MyPassport2TB/Projects/Cocos/android-ndk-r14b/toolchains/aarch64-linux-android-4.9/prebuilt/darwin-x86_64/lib/gcc/aarch64-linux-android/4.9.x/../../../../aarch64-linux-android/lib]
    arg [-L/Volumes/MyPassport2TB/Projects/Cocos/android-ndk-r14b/platforms/android-21/arch-arm64/usr/lib] ==> dir [/Volumes/MyPassport2TB/Projects/Cocos/android-ndk-r14b/platforms/android-21/arch-arm64/usr/lib]
    arg [--build-id] ==> ignore
    arg [--warn-shared-textrel] ==> ignore
    arg [--fatal-warnings] ==> ignore
    arg [--no-undefined] ==> ignore
    arg [-znoexecstack] ==> ignore
    arg [-zrelro] ==> ignore
    arg [-znow] ==> ignore
    arg [--gc-sections] ==> ignore
    arg [-znocopyreloc] ==> ignore
    arg [--build-id] ==> ignore
    arg [--warn-shared-textrel] ==> ignore
    arg [--fatal-warnings] ==> ignore
    arg [--no-undefined] ==> ignore
    arg [-znoexecstack] ==> ignore
    arg [-zrelro] ==> ignore
    arg [-znow] ==> ignore
    arg [--gc-sections] ==> ignore
    arg [-znocopyreloc] ==> ignore
    arg [CMakeFiles/cmTC_9d945.dir/CMakeCXXCompilerABI.cpp.o] ==> ignore
    arg [-lstdc++] ==> lib [stdc++]
    arg [-lm] ==> lib [m]
    arg [-lgcc] ==> lib [gcc]
    arg [-lgcc] ==> lib [gcc]
    arg [-ldl] ==> lib [dl]
    arg [-lc] ==> lib [c]
    arg [-lgcc] ==> lib [gcc]
    arg [-lgcc] ==> lib [gcc]
    arg [-ldl] ==> lib [dl]
    arg [/Volumes/MyPassport2TB/Projects/Cocos/android-ndk-r14b/platforms/android-21/arch-arm64/usr/lib/crtend_android.o] ==> ignore
  remove lib [gcc]
  remove lib [gcc]
  remove lib [gcc]
  remove lib [gcc]
  collapse library dir [/Volumes/MyPassport2TB/Projects/Cocos/android-ndk-r14b/sources/cxx-stl/llvm-libc++/libs/arm64-v8a] ==> [/Volumes/MyPassport2TB/Projects/Cocos/android-ndk-r14b/sources/cxx-stl/llvm-libc++/libs/arm64-v8a]
  collapse library dir [/Volumes/MyPassport2TB/Projects/Cocos/android-ndk-r14b/sources/cxx-stl/llvm-libc++/libs/arm64-v8a] ==> [/Volumes/MyPassport2TB/Projects/Cocos/android-ndk-r14b/sources/cxx-stl/llvm-libc++/libs/arm64-v8a]
  collapse library dir [/Volumes/MyPassport2TB/Projects/Cocos/android-ndk-r14b/toolchains/aarch64-linux-android-4.9/prebuilt/darwin-x86_64/lib/gcc/aarch64-linux-android/4.9.x] ==> [/Volumes/MyPassport2TB/Projects/Cocos/android-ndk-r14b/toolchains/aarch64-linux-android-4.9/prebuilt/darwin-x86_64/lib/gcc/aarch64-linux-android/4.9.x]
  collapse library dir [/Volumes/MyPassport2TB/Projects/Cocos/android-ndk-r14b/toolchains/aarch64-linux-android-4.9/prebuilt/darwin-x86_64/lib/gcc/aarch64-linux-android/4.9.x/../../../../aarch64-linux-android/lib/../lib64] ==> [/Volumes/MyPassport2TB/Projects/Cocos/android-ndk-r14b/toolchains/aarch64-linux-android-4.9/prebuilt/darwin-x86_64/aarch64-linux-android/lib64]
  collapse library dir [/Volumes/MyPassport2TB/Projects/Cocos/android-ndk-r14b/toolchains/aarch64-linux-android-4.9/prebuilt/darwin-x86_64/lib/gcc/aarch64-linux-android/4.9.x/../../../../aarch64-linux-android/lib] ==> [/Volumes/MyPassport2TB/Projects/Cocos/android-ndk-r14b/toolchains/aarch64-linux-android-4.9/prebuilt/darwin-x86_64/aarch64-linux-android/lib]
  collapse library dir [/Volumes/MyPassport2TB/Projects/Cocos/android-ndk-r14b/platforms/android-21/arch-arm64/usr/lib] ==> [/Volumes/MyPassport2TB/Projects/Cocos/android-ndk-r14b/platforms/android-21/arch-arm64/usr/lib]
  implicit libs: [stdc++;m;dl;c;dl]
  implicit dirs: [/Volumes/MyPassport2TB/Projects/Cocos/android-ndk-r14b/sources/cxx-stl/llvm-libc++/libs/arm64-v8a;/Volumes/MyPassport2TB/Projects/Cocos/android-ndk-r14b/toolchains/aarch64-linux-android-4.9/prebuilt/darwin-x86_64/lib/gcc/aarch64-linux-android/4.9.x;/Volumes/MyPassport2TB/Projects/Cocos/android-ndk-r14b/toolchains/aarch64-linux-android-4.9/prebuilt/darwin-x86_64/aarch64-linux-android/lib64;/Volumes/MyPassport2TB/Projects/Cocos/android-ndk-r14b/toolchains/aarch64-linux-android-4.9/prebuilt/darwin-x86_64/aarch64-linux-android/lib;/Volumes/MyPassport2TB/Projects/Cocos/android-ndk-r14b/platforms/android-21/arch-arm64/usr/lib]
  implicit fwks: []




Detecting CXX [-std=c++14] compiler features compiled with the following output:
Change Dir: /Volumes/MyPassport2TB/Projects/Android/Tarun/Libs/CallRecorder/app/.externalNativeBuild/cmake/debug/arm64-v8a/CMakeFiles/CMakeTmp

Run Build Command:"/Users/tarun/Desktop/android/android-sdk-mac_86/cmake/3.6.4111459/bin/ninja" "cmTC_7123c"
[1/2] Building CXX object CMakeFiles/cmTC_7123c.dir/feature_tests.cxx.o
[2/2] Linking CXX executable cmTC_7123c


    Feature record: CXX_FEATURE:1cxx_aggregate_default_initializers
    Feature record: CXX_FEATURE:1cxx_alias_templates
    Feature record: CXX_FEATURE:1cxx_alignas
    Feature record: CXX_FEATURE:1cxx_alignof
    Feature record: CXX_FEATURE:1cxx_attributes
    Feature record: CXX_FEATURE:1cxx_attribute_deprecated
    Feature record: CXX_FEATURE:1cxx_auto_type
    Feature record: CXX_FEATURE:1cxx_binary_literals
    Feature record: CXX_FEATURE:1cxx_constexpr
    Feature record: CXX_FEATURE:1cxx_contextual_conversions
    Feature record: CXX_FEATURE:1cxx_decltype
    Feature record: CXX_FEATURE:1cxx_decltype_auto
    Feature record: CXX_FEATURE:1cxx_decltype_incomplete_return_types
    Feature record: CXX_FEATURE:1cxx_default_function_template_args
    Feature record: CXX_FEATURE:1cxx_defaulted_functions
    Feature record: CXX_FEATURE:1cxx_defaulted_move_initializers
    Feature record: CXX_FEATURE:1cxx_delegating_constructors
    Feature record: CXX_FEATURE:1cxx_deleted_functions
    Feature record: CXX_FEATURE:1cxx_digit_separators
    Feature record: CXX_FEATURE:1cxx_enum_forward_declarations
    Feature record: CXX_FEATURE:1cxx_explicit_conversions
    Feature record: CXX_FEATURE:1cxx_extended_friend_declarations
    Feature record: CXX_FEATURE:1cxx_extern_templates
    Feature record: CXX_FEATURE:1cxx_final
    Feature record: CXX_FEATURE:1cxx_func_identifier
    Feature record: CXX_FEATURE:1cxx_generalized_initializers
    Feature record: CXX_FEATURE:1cxx_generic_lambdas
    Feature record: CXX_FEATURE:1cxx_inheriting_constructors
    Feature record: CXX_FEATURE:1cxx_inline_namespaces
    Feature record: CXX_FEATURE:1cxx_lambdas
    Feature record: CXX_FEATURE:1cxx_lambda_init_captures
    Feature record: CXX_FEATURE:1cxx_local_type_template_args
    Feature record: CXX_FEATURE:1cxx_long_long_type
    Feature record: CXX_FEATURE:1cxx_noexcept
    Feature record: CXX_FEATURE:1cxx_nonstatic_member_init
    Feature record: CXX_FEATURE:1cxx_nullptr
    Feature record: CXX_FEATURE:1cxx_override
    Feature record: CXX_FEATURE:1cxx_range_for
    Feature record: CXX_FEATURE:1cxx_raw_string_literals
    Feature record: CXX_FEATURE:1cxx_reference_qualified_functions
    Feature record: CXX_FEATURE:1cxx_relaxed_constexpr
    Feature record: CXX_FEATURE:1cxx_return_type_deduction
    Feature record: CXX_FEATURE:1cxx_right_angle_brackets
    Feature record: CXX_FEATURE:1cxx_rvalue_references
    Feature record: CXX_FEATURE:1cxx_sizeof_member
    Feature record: CXX_FEATURE:1cxx_static_assert
    Feature record: CXX_FEATURE:1cxx_strong_enums
    Feature record: CXX_FEATURE:1cxx_template_template_parameters
    Feature record: CXX_FEATURE:1cxx_thread_local
    Feature record: CXX_FEATURE:1cxx_trailing_return_types
    Feature record: CXX_FEATURE:1cxx_unicode_literals
    Feature record: CXX_FEATURE:1cxx_uniform_initialization
    Feature record: CXX_FEATURE:1cxx_unrestricted_unions
    Feature record: CXX_FEATURE:1cxx_user_literals
    Feature record: CXX_FEATURE:1cxx_variable_templates
    Feature record: CXX_FEATURE:1cxx_variadic_macros
    Feature record: CXX_FEATURE:1cxx_variadic_templates


Detecting CXX [-std=c++11] compiler features compiled with the following output:
Change Dir: /Volumes/MyPassport2TB/Projects/Android/Tarun/Libs/CallRecorder/app/.externalNativeBuild/cmake/debug/arm64-v8a/CMakeFiles/CMakeTmp

Run Build Command:"/Users/tarun/Desktop/android/android-sdk-mac_86/cmake/3.6.4111459/bin/ninja" "cmTC_201f0"
[1/2] Building CXX object CMakeFiles/cmTC_201f0.dir/feature_tests.cxx.o
[2/2] Linking CXX executable cmTC_201f0


    Feature record: CXX_FEATURE:0cxx_aggregate_default_initializers
    Feature record: CXX_FEATURE:1cxx_alias_templates
    Feature record: CXX_FEATURE:1cxx_alignas
    Feature record: CXX_FEATURE:1cxx_alignof
    Feature record: CXX_FEATURE:1cxx_attributes
    Feature record: CXX_FEATURE:0cxx_attribute_deprecated
    Feature record: CXX_FEATURE:1cxx_auto_type
    Feature record: CXX_FEATURE:0cxx_binary_literals
    Feature record: CXX_FEATURE:1cxx_constexpr
    Feature record: CXX_FEATURE:0cxx_contextual_conversions
    Feature record: CXX_FEATURE:1cxx_decltype
    Feature record: CXX_FEATURE:0cxx_decltype_auto
    Feature record: CXX_FEATURE:1cxx_decltype_incomplete_return_types
    Feature record: CXX_FEATURE:1cxx_default_function_template_args
    Feature record: CXX_FEATURE:1cxx_defaulted_functions
    Feature record: CXX_FEATURE:1cxx_defaulted_move_initializers
    Feature record: CXX_FEATURE:1cxx_delegating_constructors
    Feature record: CXX_FEATURE:1cxx_deleted_functions
    Feature record: CXX_FEATURE:0cxx_digit_separators
    Feature record: CXX_FEATURE:1cxx_enum_forward_declarations
    Feature record: CXX_FEATURE:1cxx_explicit_conversions
    Feature record: CXX_FEATURE:1cxx_extended_friend_declarations
    Feature record: CXX_FEATURE:1cxx_extern_templates
    Feature record: CXX_FEATURE:1cxx_final
    Feature record: CXX_FEATURE:1cxx_func_identifier
    Feature record: CXX_FEATURE:1cxx_generalized_initializers
    Feature record: CXX_FEATURE:0cxx_generic_lambdas
    Feature record: CXX_FEATURE:1cxx_inheriting_constructors
    Feature record: CXX_FEATURE:1cxx_inline_namespaces
    Feature record: CXX_FEATURE:1cxx_lambdas
    Feature record: CXX_FEATURE:0cxx_lambda_init_captures
    Feature record: CXX_FEATURE:1cxx_local_type_template_args
    Feature record: CXX_FEATURE:1cxx_long_long_type
    Feature record: CXX_FEATURE:1cxx_noexcept
    Feature record: CXX_FEATURE:1cxx_nonstatic_member_init
    Feature record: CXX_FEATURE:1cxx_nullptr
    Feature record: CXX_FEATURE:1cxx_override
    Feature record: CXX_FEATURE:1cxx_range_for
    Feature record: CXX_FEATURE:1cxx_raw_string_literals
    Feature record: CXX_FEATURE:1cxx_reference_qualified_functions
    Feature record: CXX_FEATURE:0cxx_relaxed_constexpr
    Feature record: CXX_FEATURE:0cxx_return_type_deduction
    Feature record: CXX_FEATURE:1cxx_right_angle_brackets
    Feature record: CXX_FEATURE:1cxx_rvalue_references
    Feature record: CXX_FEATURE:1cxx_sizeof_member
    Feature record: CXX_FEATURE:1cxx_static_assert
    Feature record: CXX_FEATURE:1cxx_strong_enums
    Feature record: CXX_FEATURE:1cxx_template_template_parameters
    Feature record: CXX_FEATURE:1cxx_thread_local
    Feature record: CXX_FEATURE:1cxx_trailing_return_types
    Feature record: CXX_FEATURE:1cxx_unicode_literals
    Feature record: CXX_FEATURE:1cxx_uniform_initialization
    Feature record: CXX_FEATURE:1cxx_unrestricted_unions
    Feature record: CXX_FEATURE:1cxx_user_literals
    Feature record: CXX_FEATURE:0cxx_variable_templates
    Feature record: CXX_FEATURE:1cxx_variadic_macros
    Feature record: CXX_FEATURE:1cxx_variadic_templates


Detecting CXX [-std=c++98] compiler features compiled with the following output:
Change Dir: /Volumes/MyPassport2TB/Projects/Android/Tarun/Libs/CallRecorder/app/.externalNativeBuild/cmake/debug/arm64-v8a/CMakeFiles/CMakeTmp

Run Build Command:"/Users/tarun/Desktop/android/android-sdk-mac_86/cmake/3.6.4111459/bin/ninja" "cmTC_a397a"
[1/2] Building CXX object CMakeFiles/cmTC_a397a.dir/feature_tests.cxx.o
[2/2] Linking CXX executable cmTC_a397a


    Feature record: CXX_FEATURE:0cxx_aggregate_default_initializers
    Feature record: CXX_FEATURE:0cxx_alias_templates
    Feature record: CXX_FEATURE:0cxx_alignas
    Feature record: CXX_FEATURE:0cxx_alignof
    Feature record: CXX_FEATURE:0cxx_attributes
    Feature record: CXX_FEATURE:0cxx_attribute_deprecated
    Feature record: CXX_FEATURE:0cxx_auto_type
    Feature record: CXX_FEATURE:0cxx_binary_literals
    Feature record: CXX_FEATURE:0cxx_constexpr
    Feature record: CXX_FEATURE:0cxx_contextual_conversions
    Feature record: CXX_FEATURE:0cxx_decltype
    Feature record: CXX_FEATURE:0cxx_decltype_auto
    Feature record: CXX_FEATURE:0cxx_decltype_incomplete_return_types
    Feature record: CXX_FEATURE:0cxx_default_function_template_args
    Feature record: CXX_FEATURE:0cxx_defaulted_functions
    Feature record: CXX_FEATURE:0cxx_defaulted_move_initializers
    Feature record: CXX_FEATURE:0cxx_delegating_constructors
    Feature record: CXX_FEATURE:0cxx_deleted_functions
    Feature record: CXX_FEATURE:0cxx_digit_separators
    Feature record: CXX_FEATURE:0cxx_enum_forward_declarations
    Feature record: CXX_FEATURE:0cxx_explicit_conversions
    Feature record: CXX_FEATURE:0cxx_extended_friend_declarations
    Feature record: CXX_FEATURE:0cxx_extern_templates
    Feature record: CXX_FEATURE:0cxx_final
    Feature record: CXX_FEATURE:0cxx_func_identifier
    Feature record: CXX_FEATURE:0cxx_generalized_initializers
    Feature record: CXX_FEATURE:0cxx_generic_lambdas
    Feature record: CXX_FEATURE:0cxx_inheriting_constructors
    Feature record: CXX_FEATURE:0cxx_inline_namespaces
    Feature record: CXX_FEATURE:0cxx_lambdas
    Feature record: CXX_FEATURE:0cxx_lambda_init_captures
    Feature record: CXX_FEATURE:0cxx_local_type_template_args
    Feature record: CXX_FEATURE:0cxx_long_long_type
    Feature record: CXX_FEATURE:0cxx_noexcept
    Feature record: CXX_FEATURE:0cxx_nonstatic_member_init
    Feature record: CXX_FEATURE:0cxx_nullptr
    Feature record: CXX_FEATURE:0cxx_override
    Feature record: CXX_FEATURE:0cxx_range_for
    Feature record: CXX_FEATURE:0cxx_raw_string_literals
    Feature record: CXX_FEATURE:0cxx_reference_qualified_functions
    Feature record: CXX_FEATURE:0cxx_relaxed_constexpr
    Feature record: CXX_FEATURE:0cxx_return_type_deduction
    Feature record: CXX_FEATURE:0cxx_right_angle_brackets
    Feature record: CXX_FEATURE:0cxx_rvalue_references
    Feature record: CXX_FEATURE:0cxx_sizeof_member
    Feature record: CXX_FEATURE:0cxx_static_assert
    Feature record: CXX_FEATURE:0cxx_strong_enums
    Feature record: CXX_FEATURE:1cxx_template_template_parameters
    Feature record: CXX_FEATURE:0cxx_thread_local
    Feature record: CXX_FEATURE:0cxx_trailing_return_types
    Feature record: CXX_FEATURE:0cxx_unicode_literals
    Feature record: CXX_FEATURE:0cxx_uniform_initialization
    Feature record: CXX_FEATURE:0cxx_unrestricted_unions
    Feature record: CXX_FEATURE:0cxx_user_literals
    Feature record: CXX_FEATURE:0cxx_variable_templates
    Feature record: CXX_FEATURE:0cxx_variadic_macros
    Feature record: CXX_FEATURE:0cxx_variadic_templates
